SF:lib/src/controller_bootstrap.dart
DA:7,1
DA:9,1
DA:11,1
DA:12,1
DA:13,2
DA:14,1
DA:15,1
DA:16,1
DA:17,4
DA:18,3
DA:19,2
DA:20,2
DA:21,2
DA:22,3
DA:23,3
DA:25,4
DA:27,2
DA:28,3
DA:38,1
DA:39,4
DA:40,4
DA:41,5
LF:22
LH:22
end_of_record
SF:lib/src/scaffold_bootstrap.dart
DA:8,0
DA:10,0
DA:11,0
DA:17,0
DA:19,0
DA:20,0
DA:21,0
DA:24,0
DA:25,0
DA:26,0
DA:27,0
DA:28,0
DA:29,0
DA:30,0
DA:31,0
DA:33,0
DA:34,0
DA:38,0
DA:40,0
DA:41,0
DA:43,0
DA:44,0
DA:45,0
DA:46,0
DA:49,0
LF:25
LH:0
end_of_record
SF:lib/src/models/component.dart
DA:10,1
DA:15,1
DA:18,1
DA:19,1
DA:20,1
DA:21,0
LF:6
LH:5
end_of_record
SF:lib/src/models/constraints_ext.dart
DA:5,0
DA:6,0
DA:8,0
DA:10,0
DA:12,0
LF:5
LH:0
end_of_record
SF:lib/src/models/screen.dart
DA:9,1
DA:16,0
DA:21,0
DA:22,0
DA:23,0
DA:24,0
DA:25,0
DA:26,0
DA:27,0
DA:28,0
DA:29,0
DA:30,0
LF:12
LH:1
end_of_record
SF:lib/src/models/organization.dart
DA:7,1
DA:12,0
DA:17,0
DA:18,0
DA:19,0
DA:23,0
DA:27,0
DA:28,0
DA:29,0
DA:32,0
DA:33,0
DA:37,1
DA:38,1
DA:39,1
DA:40,3
DA:41,2
DA:45,1
DA:46,1
DA:48,1
DA:50,1
LF:20
LH:10
end_of_record
